{
  "meta": {
    "version": "5.3.1",
    "timestamp": "2021-01-06T20:31:43.320932",
    "branch_coverage": true,
    "show_contexts": false
  },
  "files": {
    "coverage_threshold/__init__.py": {
      "executed_lines": [
        1
      ],
      "summary": {
        "covered_lines": 0,
        "num_statements": 0,
        "percent_covered": 100.0,
        "missing_lines": 0,
        "excluded_lines": 0,
        "num_branches": 0,
        "num_partial_branches": 0,
        "covered_branches": 0,
        "missing_branches": 0
      },
      "missing_lines": [],
      "excluded_lines": []
    },
    "coverage_threshold/__main__.py": {
      "executed_lines": [],
      "summary": {
        "covered_lines": 0,
        "num_statements": 3,
        "percent_covered": 0.0,
        "missing_lines": 3,
        "excluded_lines": 0,
        "num_branches": 0,
        "num_partial_branches": 0,
        "covered_branches": 0,
        "missing_branches": 0
      },
      "missing_lines": [
        1,
        2,
        4
      ],
      "excluded_lines": []
    },
    "coverage_threshold/cli/__init__.py": {
      "executed_lines": [],
      "summary": {
        "covered_lines": 0,
        "num_statements": 11,
        "percent_covered": 0.0,
        "missing_lines": 11,
        "excluded_lines": 0,
        "num_branches": 0,
        "num_partial_branches": 0,
        "covered_branches": 0,
        "missing_branches": 0
      },
      "missing_lines": [
        1,
        2,
        3,
        5,
        6,
        12,
        19,
        20,
        22,
        23,
        24
      ],
      "excluded_lines": []
    },
    "coverage_threshold/cli/file_threshold.py": {
      "executed_lines": [],
      "summary": {
        "covered_lines": 0,
        "num_statements": 8,
        "percent_covered": 0.0,
        "missing_lines": 8,
        "excluded_lines": 0,
        "num_branches": 0,
        "num_partial_branches": 0,
        "covered_branches": 0,
        "missing_branches": 0
      },
      "missing_lines": [
        1,
        2,
        4,
        5,
        8,
        9,
        10,
        11
      ],
      "excluded_lines": []
    },
    "coverage_threshold/lib/__init__.py": {
      "executed_lines": [
        1
      ],
      "summary": {
        "covered_lines": 0,
        "num_statements": 0,
        "percent_covered": 100.0,
        "missing_lines": 0,
        "excluded_lines": 0,
        "num_branches": 0,
        "num_partial_branches": 0,
        "covered_branches": 0,
        "missing_branches": 0
      },
      "missing_lines": [],
      "excluded_lines": []
    },
    "coverage_threshold/lib/file.py": {
      "executed_lines": [
        1,
        2,
        5,
        11
      ],
      "summary": {
        "covered_lines": 4,
        "num_statements": 8,
        "percent_covered": 33.333333333333336,
        "missing_lines": 4,
        "excluded_lines": 0,
        "num_branches": 4,
        "num_partial_branches": 0,
        "covered_branches": 0,
        "missing_branches": 4
      },
      "missing_lines": [
        6,
        7,
        9,
        12
      ],
      "excluded_lines": []
    },
    "coverage_threshold/model/__init__.py": {
      "executed_lines": [
        1
      ],
      "summary": {
        "covered_lines": 0,
        "num_statements": 0,
        "percent_covered": 100.0,
        "missing_lines": 0,
        "excluded_lines": 0,
        "num_branches": 0,
        "num_partial_branches": 0,
        "covered_branches": 0,
        "missing_branches": 0
      },
      "missing_lines": [],
      "excluded_lines": []
    },
    "coverage_threshold/model/coverage_json.py": {
      "executed_lines": [
        1,
        2,
        3,
        4,
        6,
        12,
        13,
        14,
        15,
        16,
        17,
        18,
        19,
        20,
        21,
        22,
        24,
        25,
        39,
        40,
        41,
        43,
        44,
        48,
        49,
        50,
        51,
        53,
        54
      ],
      "summary": {
        "covered_lines": 27,
        "num_statements": 39,
        "percent_covered": 63.265306122448976,
        "missing_lines": 12,
        "excluded_lines": 0,
        "num_branches": 10,
        "num_partial_branches": 0,
        "covered_branches": 4,
        "missing_branches": 6
      },
      "missing_lines": [
        26,
        45,
        47,
        52,
        55,
        56,
        57,
        58,
        59,
        61,
        62,
        63
      ],
      "excluded_lines": []
    },
    "coverage_threshold/model/util.py": {
      "executed_lines": [
        1,
        3,
        4
      ],
      "summary": {
        "covered_lines": 3,
        "num_statements": 4,
        "percent_covered": 75.0,
        "missing_lines": 1,
        "excluded_lines": 0,
        "num_branches": 0,
        "num_partial_branches": 0,
        "covered_branches": 0,
        "missing_branches": 0
      },
      "missing_lines": [
        5
      ],
      "excluded_lines": []
    }
  },
  "totals": {
    "covered_lines": 34,
    "num_statements": 73,
    "percent_covered": 43.67816091954023,
    "missing_lines": 39,
    "excluded_lines": 0,
    "num_branches": 14,
    "num_partial_branches": 0,
    "covered_branches": 4,
    "missing_branches": 10
  }
}
