{"meta": {"version": "5.3.1", "timestamp": "2021-01-07T02:12:36.743301", "branch_coverage": false, "show_contexts": false}, "files": {"coverage_threshold/__init__.py": {"executed_lines": [1], "summary": {"covered_lines": 0, "num_statements": 0, "percent_covered": 100.0, "missing_lines": 0, "excluded_lines": 0}, "missing_lines": [], "excluded_lines": []}, "coverage_threshold/__main__.py": {"executed_lines": [], "summary": {"covered_lines": 0, "num_statements": 3, "percent_covered": 0.0, "missing_lines": 3, "excluded_lines": 0}, "missing_lines": [1, 2, 4], "excluded_lines": []}, "coverage_threshold/cli/__init__.py": {"executed_lines": [], "summary": {"covered_lines": 0, "num_statements": 48, "percent_covered": 0.0, "missing_lines": 48, "excluded_lines": 0}, "missing_lines": [1, 2, 3, 4, 5, 7, 8, 9, 10, 13, 14, 20, 26, 34, 35, 36, 37, 40, 41, 44, 45, 46, 49, 50, 53, 54, 67, 68, 69, 70, 71, 72, 73, 74, 75, 76, 79, 80, 81, 82, 83, 84, 85, 86, 88, 89, 90, 91], "excluded_lines": []}, "coverage_threshold/lib/__init__.py": {"executed_lines": [1, 2, 3], "summary": {"covered_lines": 3, "num_statements": 3, "percent_covered": 100.0, "missing_lines": 0, "excluded_lines": 0}, "missing_lines": [], "excluded_lines": []}, "coverage_threshold/lib/_all_checks.py": {"executed_lines": [1, 3, 4, 6, 7, 8, 11], "summary": {"covered_lines": 7, "num_statements": 8, "percent_covered": 87.5, "missing_lines": 1, "excluded_lines": 0}, "missing_lines": [12], "excluded_lines": []}, "coverage_threshold/lib/_common.py": {"executed_lines": [1, 3, 6, 7, 10, 15, 16, 19, 26], "summary": {"covered_lines": 9, "num_statements": 16, "percent_covered": 56.25, "missing_lines": 7, "excluded_lines": 0}, "missing_lines": [8, 20, 21, 23, 29, 30, 35], "excluded_lines": []}, "coverage_threshold/lib/_file.py": {"executed_lines": [1, 2, 3, 4, 7, 10, 11, 12, 14, 22, 25], "summary": {"covered_lines": 11, "num_statements": 11, "percent_covered": 100.0, "missing_lines": 0, "excluded_lines": 0}, "missing_lines": [], "excluded_lines": []}, "coverage_threshold/lib/_totals.py": {"executed_lines": [1, 2, 3, 4, 7, 10, 11, 12], "summary": {"covered_lines": 8, "num_statements": 9, "percent_covered": 88.88888888888889, "missing_lines": 1, "excluded_lines": 0}, "missing_lines": [14], "excluded_lines": []}, "coverage_threshold/lib/check_result.py": {"executed_lines": [1, 2, 3, 6, 7, 8, 11, 12, 13, 14, 17, 20, 21, 22, 23, 24, 29, 30], "summary": {"covered_lines": 18, "num_statements": 19, "percent_covered": 94.73684210526316, "missing_lines": 1, "excluded_lines": 0}, "missing_lines": [26], "excluded_lines": []}, "coverage_threshold/model/__init__.py": {"executed_lines": [1], "summary": {"covered_lines": 0, "num_statements": 0, "percent_covered": 100.0, "missing_lines": 0, "excluded_lines": 0}, "missing_lines": [], "excluded_lines": []}, "coverage_threshold/model/config.py": {"executed_lines": [1, 2, 3, 4, 6, 9, 10, 11, 12, 13, 15, 16, 30, 31, 32, 34, 35], "summary": {"covered_lines": 17, "num_statements": 19, "percent_covered": 89.47368421052632, "missing_lines": 2, "excluded_lines": 0}, "missing_lines": [17, 36], "excluded_lines": []}, "coverage_threshold/model/coverage_json.py": {"executed_lines": [1, 2, 3, 4, 6, 12, 13, 14, 15, 16, 17, 18, 19, 20, 21, 22, 24, 25, 39, 40, 41, 43, 44, 48, 49, 50, 52, 53, 57, 58, 59, 60, 61, 63, 64], "summary": {"covered_lines": 35, "num_statements": 39, "percent_covered": 89.74358974358974, "missing_lines": 4, "excluded_lines": 0}, "missing_lines": [26, 45, 54, 65], "excluded_lines": []}, "coverage_threshold/model/util.py": {"executed_lines": [1, 3, 6], "summary": {"covered_lines": 3, "num_statements": 4, "percent_covered": 75.0, "missing_lines": 1, "excluded_lines": 0}, "missing_lines": [9], "excluded_lines": []}}, "totals": {"covered_lines": 111, "num_statements": 179, "percent_covered": 62.01117318435754, "missing_lines": 68, "excluded_lines": 0}}